La génération a démarré 29/01/2013 14:11:36.
     1>Projet "D:\Affaire\Perso\SCTB\pcsc4java-framework\trunk\jni\PCSC\windows\PCSC.vcxproj" sur le nœud 2 (build cible(s)).
     1>InitializeBuildStatus:
         Création de "..\objects\PCSC.unsuccessfulbuild", car "AlwaysCreate" a été spécifié.
       ClCompile:
         Toutes les sorties sont à jour.
         C:\Program Files (x86)\Microsoft Visual Studio 10.0\VC\bin\x86_amd64\CL.exe /c /Zi /nologo /W3 /WX- /O2 /Oi /GL /D WIN32 /D NDEBUG /D _WINDOWS /D _USRDLL /D PCSC_2010_EXPORTS /D _WINDLL /Gm- /EHsc /MT /GS /Gy /fp:precise /Zc:wchar_t /Zc:forScope /Fo"..\objects\\" /Fd"..\objects\vc100.pdb" /Gd /TP /errorReport:prompt ..\src\PCSC.cpp
         PCSC.cpp
       Link:
         C:\Program Files (x86)\Microsoft Visual Studio 10.0\VC\bin\x86_amd64\link.exe /ERRORREPORT:PROMPT /OUT:"..\binaries\release\64_bits\PCSC4Java64bits.dll" /INCREMENTAL:NO /NOLOGO winscard.lib /MANIFEST /ManifestFile:"..\objects\PCSC4Java64bits.dll.intermediate.manifest" /MANIFESTUAC:"level='asInvoker' uiAccess='false'" /DEBUG /PDB:"D:\Affaire\Perso\SCTB\pcsc4java-framework\trunk\jni\PCSC\binaries\release\64_bits\PCSC4Java64bits.pdb" /SUBSYSTEM:WINDOWS /OPT:REF /OPT:ICF /LTCG /TLBID:1 /DYNAMICBASE /NXCOMPAT /IMPLIB:"..\binaries\release\64_bits\PCSC4Java64bits.lib" /MACHINE:X64 /DLL ..\objects\PCSC.obj
            Création de la bibliothèque ..\binaries\release\64_bits\PCSC4Java64bits.lib et de l'objet ..\binaries\release\64_bits\PCSC4Java64bits.exp
         Génération de code en cours
         Fin de la génération du code
         PCSC.vcxproj -> D:\Affaire\Perso\SCTB\pcsc4java-framework\trunk\jni\PCSC\windows\..\binaries\release\64_bits\PCSC4Java64bits.dll
       Manifest:
         C:\Program Files (x86)\Microsoft SDKs\Windows\v7.0A\bin\mt.exe /nologo /verbose /outputresource:"..\binaries\release\64_bits\PCSC4Java64bits.dll;#2" /manifest ..\objects\PCSC4Java64bits.dll.intermediate.manifest "C:\Program Files (x86)\Microsoft Visual Studio 10.0\VC\Include\Manifest\dpiaware.manifest"
       FinalizeBuildStatus:
         Suppression du fichier "..\objects\PCSC.unsuccessfulbuild".
         Mise à jour de l'horodatage "..\objects\PCSC.lastbuildstate".
     1>Génération du projet "D:\Affaire\Perso\SCTB\pcsc4java-framework\trunk\jni\PCSC\windows\PCSC.vcxproj" terminée (build cible(s)).

La génération a réussi.

Temps écoulé 00:00:01.05
