D:\Affaire\Perso\SmartCardToolBox\pcsc4java-framework\jni\PCSC\objects\cl.command.1.tlog
D:\Affaire\Perso\SmartCardToolBox\pcsc4java-framework\jni\PCSC\objects\CL.read.1.tlog
D:\Affaire\Perso\SmartCardToolBox\pcsc4java-framework\jni\PCSC\objects\CL.write.1.tlog
D:\Affaire\Perso\SmartCardToolBox\pcsc4java-framework\jni\PCSC\objects\link.command.1.tlog
D:\Affaire\Perso\SmartCardToolBox\pcsc4java-framework\jni\PCSC\objects\link.read.1.tlog
D:\Affaire\Perso\SmartCardToolBox\pcsc4java-framework\jni\PCSC\objects\link.write.1.tlog
D:\Affaire\Perso\SmartCardToolBox\pcsc4java-framework\jni\PCSC\objects\mt.command.1.tlog
D:\Affaire\Perso\SmartCardToolBox\pcsc4java-framework\jni\PCSC\objects\mt.read.1.tlog
D:\Affaire\Perso\SmartCardToolBox\pcsc4java-framework\jni\PCSC\objects\mt.write.1.tlog
D:\Affaire\Perso\SmartCardToolBox\pcsc4java-framework\jni\PCSC\objects\PCSC.obj
D:\Affaire\Perso\SmartCardToolBox\pcsc4java-framework\jni\PCSC\objects\PCSC.write.1.tlog
D:\Affaire\Perso\SmartCardToolBox\pcsc4java-framework\jni\PCSC\objects\PCSC4Java32bits.dll.intermediate.manifest
D:\Affaire\Perso\SmartCardToolBox\pcsc4java-framework\jni\PCSC\objects\PCSC4Java64bits.dll.intermediate.manifest
D:\Affaire\Perso\SmartCardToolBox\pcsc4java-framework\jni\PCSC\objects\vc100.pdb
D:\AFFAIRE\PERSO\SMARTCARDTOOLBOX\PCSC4JAVA-FRAMEWORK-0.2.1\JNI\PCSC\BINARIES\RELEASE\32_BITS\PCSC4JAVA32BITS.DLL
D:\Affaire\Perso\SmartCardToolBox\pcsc4java-framework-0.2.1\jni\PCSC\binaries\release\32_bits\PCSC4Java32bits.exp
D:\Affaire\Perso\SmartCardToolBox\pcsc4java-framework-0.2.1\jni\PCSC\binaries\release\32_bits\PCSC4Java32bits.lib
D:\AFFAIRE\PERSO\SMARTCARDTOOLBOX\PCSC4JAVA-FRAMEWORK-0.2.1\JNI\PCSC\BINARIES\RELEASE\32_BITS\PCSC4JAVA32BITS.PDB
D:\AFFAIRE\PERSO\SMARTCARDTOOLBOX\PCSC4JAVA-FRAMEWORK-0.2.1\JNI\PCSC\BINARIES\RELEASE\64_BITS\PCSC4JAVA64BITS.DLL
D:\Affaire\Perso\SmartCardToolBox\pcsc4java-framework-0.2.1\jni\PCSC\binaries\release\64_bits\PCSC4Java64bits.exp
D:\Affaire\Perso\SmartCardToolBox\pcsc4java-framework-0.2.1\jni\PCSC\binaries\release\64_bits\PCSC4Java64bits.lib
D:\AFFAIRE\PERSO\SMARTCARDTOOLBOX\PCSC4JAVA-FRAMEWORK-0.2.1\JNI\PCSC\BINARIES\RELEASE\64_BITS\PCSC4JAVA64BITS.PDB
D:\AFFAIRE\PERSO\SMARTCARDTOOLBOX\PCSC4JAVA-FRAMEWORK-0.2.1\JNI\PCSC\OBJECTS\PCSC.OBJ
D:\AFFAIRE\PERSO\SMARTCARDTOOLBOX\PCSC4JAVA-FRAMEWORK-0.2.1\JNI\PCSC\OBJECTS\PCSC4JAVA32BITS.DLL.INTERMEDIATE.MANIFEST
D:\AFFAIRE\PERSO\SMARTCARDTOOLBOX\PCSC4JAVA-FRAMEWORK-0.2.1\JNI\PCSC\OBJECTS\PCSC4JAVA64BITS.DLL.INTERMEDIATE.MANIFEST
D:\AFFAIRE\PERSO\SMARTCARDTOOLBOX\PCSC4JAVA-FRAMEWORK-0.2.1\JNI\PCSC\OBJECTS\VC100.PDB
